c:\users\deepseaisopod\desktop\p1\p1\debug\vc120.pdb
c:\users\deepseaisopod\desktop\currentprojects\graphics and audio\p1\p1\debug\p1.pch
c:\users\deepseaisopod\desktop\currentprojects\graphics and audio\p1\p1\debug\vc120.pdb
c:\users\deepseaisopod\desktop\currentprojects\graphics and audio\p1\p1\debug\vc120.idb
c:\users\deepseaisopod\desktop\currentprojects\graphics and audio\p1\p1\debug\stdafx.obj
c:\users\deepseaisopod\desktop\currentprojects\graphics and audio\p1\p1\debug\collidablebody.obj
c:\users\deepseaisopod\desktop\currentprojects\graphics and audio\p1\p1\debug\collidablemanager.obj
c:\users\deepseaisopod\desktop\currentprojects\graphics and audio\p1\p1\debug\irregularpolygon.obj
c:\users\deepseaisopod\desktop\currentprojects\graphics and audio\p1\p1\debug\matrix2.obj
c:\users\deepseaisopod\desktop\currentprojects\graphics and audio\p1\p1\debug\p1.obj
c:\users\deepseaisopod\desktop\currentprojects\graphics and audio\p1\p1\debug\regularpolygon.obj
c:\users\deepseaisopod\desktop\currentprojects\physics\collisions\p1\debug\p1.pch
c:\users\deepseaisopod\desktop\currentprojects\physics\collisions\p1\debug\vc120.pdb
c:\users\deepseaisopod\desktop\currentprojects\physics\collisions\p1\debug\vc120.idb
c:\users\deepseaisopod\desktop\currentprojects\physics\collisions\p1\debug\stdafx.obj
c:\users\deepseaisopod\desktop\currentprojects\physics\collisions\p1\debug\collidablebody.obj
c:\users\deepseaisopod\desktop\currentprojects\physics\collisions\p1\debug\collidablemanager.obj
c:\users\deepseaisopod\desktop\currentprojects\physics\collisions\p1\debug\irregularpolygon.obj
c:\users\deepseaisopod\desktop\currentprojects\physics\collisions\p1\debug\matrix2.obj
c:\users\deepseaisopod\desktop\currentprojects\physics\collisions\p1\debug\p1.obj
c:\users\deepseaisopod\desktop\currentprojects\physics\collisions\p1\debug\regularpolygon.obj
c:\users\deepseaisopod\desktop\p1\debug\p1.ilk
c:\users\deepseaisopod\desktop\p1\debug\p1.exe
c:\users\deepseaisopod\desktop\p1\debug\p1.pdb
c:\users\deepseaisopod\desktop\currentprojects\graphics and audio\p1\debug\p1.ilk
c:\users\deepseaisopod\desktop\currentprojects\graphics and audio\p1\debug\p1.exe
c:\users\deepseaisopod\desktop\currentprojects\graphics and audio\p1\debug\p1.pdb
c:\users\deepseaisopod\desktop\currentprojects\physics\collisions\debug\p1.ilk
c:\users\deepseaisopod\desktop\currentprojects\physics\collisions\debug\p1.exe
c:\users\deepseaisopod\desktop\currentprojects\physics\collisions\debug\p1.pdb
c:\users\deepseaisopod\desktop\currentprojects\physics\collisions\p1\debug\ball.obj
c:\users\deepseaisopod\desktop\currentprojects\physics\collisions\p1\debug\p1.tlog\cl.command.1.tlog
c:\users\deepseaisopod\desktop\currentprojects\physics\collisions\p1\debug\p1.tlog\cl.read.1.tlog
c:\users\deepseaisopod\desktop\currentprojects\physics\collisions\p1\debug\p1.tlog\cl.write.1.tlog
c:\users\deepseaisopod\desktop\currentprojects\physics\collisions\p1\debug\p1.tlog\link.888-cvtres.read.1.tlog
c:\users\deepseaisopod\desktop\currentprojects\physics\collisions\p1\debug\p1.tlog\link.888-cvtres.write.1.tlog
c:\users\deepseaisopod\desktop\currentprojects\physics\collisions\p1\debug\p1.tlog\link.888-rc.read.1.tlog
c:\users\deepseaisopod\desktop\currentprojects\physics\collisions\p1\debug\p1.tlog\link.888-rc.write.1.tlog
c:\users\deepseaisopod\desktop\currentprojects\physics\collisions\p1\debug\p1.tlog\link.888.read.1.tlog
c:\users\deepseaisopod\desktop\currentprojects\physics\collisions\p1\debug\p1.tlog\link.888.write.1.tlog
c:\users\deepseaisopod\desktop\currentprojects\physics\collisions\p1\debug\p1.tlog\link.command.1.tlog
c:\users\deepseaisopod\desktop\currentprojects\physics\collisions\p1\debug\p1.tlog\link.read.1.tlog
c:\users\deepseaisopod\desktop\currentprojects\physics\collisions\p1\debug\p1.tlog\link.write.1.tlog
